# JRE version: OpenJDK Runtime Environment Temurin-21.0.6+7 (21.0.6+7) (build 21.0.6+7-LTS)
# Java VM: OpenJDK 64-Bit Server VM Temurin-21.0.6+7 (21.0.6+7-LTS, mixed mode, sharing, tiered, compressed oops, compressed class ptrs, parallel gc, windows-amd64)
GC Precious Log:
 CardTable entry size: 512
 CPUs: 4 total, 4 available
 Memory: 6041M
 Large Page Support: Disabled
 NUMA Support: Disabled
 Compressed Oops: Enabled (32-bit)
 Alignments: Space 512K, Generation 512K, Heap 2M
 Heap Min Capacity: 100M
 Heap Initial Capacity: 100M
 Heap Max Capacity: 1G
 Pre-touch: Disabled
 Parallel Workers: 4
Heap:
 PSYoungGen      total 20480K, used 4372K [0x00000000eab00000, 0x00000000ec180000, 0x0000000100000000)
  eden space 18944K, 15% used [0x00000000eab00000,0x00000000eadc7948,0x00000000ebd80000)
  from space 1536K, 99% used [0x00000000ebf00000,0x00000000ec07d7c0,0x00000000ec080000)
  to   space 1024K, 0% used [0x00000000ec080000,0x00000000ec080000,0x00000000ec180000)
 ParOldGen       total 68608K, used 25104K [0x00000000c0000000, 0x00000000c4300000, 0x00000000eab00000)
  object space 68608K, 36% used [0x00000000c0000000,0x00000000c1884080,0x00000000c4300000)
 Metaspace       used 49510K, committed 50624K, reserved 1114112K
  class space    used 5276K, committed 5760K, reserved 1048576K
GC Heap History (20 events):
Event: 91.304 GC heap before
{Heap before GC invocations=14 (full 1):
 PSYoungGen      total 23040K, used 22779K [0x00000000eab00000, 0x00000000ec600000, 0x0000000100000000)
  eden space 22016K, 100% used [0x00000000eab00000,0x00000000ec080000,0x00000000ec080000)
  from space 1024K, 74% used [0x00000000ec500000,0x00000000ec5bec40,0x00000000ec600000)
  to   space 1536K, 0% used [0x00000000ec300000,0x00000000ec300000,0x00000000ec480000)
 ParOldGen       total 68608K, used 15577K [0x00000000c0000000, 0x00000000c4300000, 0x00000000eab00000)
  object space 68608K, 22% used [0x00000000c0000000,0x00000000c0f36750,0x00000000c4300000)
 Metaspace       used 31444K, committed 32320K, reserved 1114112K
  class space    used 3112K, committed 3456K, reserved 1048576K
}
Event: 91.309 GC heap after
{Heap after GC invocations=14 (full 1):
 PSYoungGen      total 23040K, used 1019K [0x00000000eab00000, 0x00000000ec580000, 0x0000000100000000)
  eden space 22016K, 0% used [0x00000000eab00000,0x00000000eab00000,0x00000000ec080000)
  from space 1024K, 99% used [0x00000000ec300000,0x00000000ec3fec88,0x00000000ec400000)
  to   space 1536K, 0% used [0x00000000ec400000,0x00000000ec400000,0x00000000ec580000)
 ParOldGen       total 68608K, used 16017K [0x00000000c0000000, 0x00000000c4300000, 0x00000000eab00000)
  object space 68608K, 23% used [0x00000000c0000000,0x00000000c0fa4790,0x00000000c4300000)
 Metaspace       used 31444K, committed 32320K, reserved 1114112K
  class space    used 3112K, committed 3456K, reserved 1048576K
}
Event: 92.832 GC heap before
{Heap before GC invocations=15 (full 1):
 PSYoungGen      total 23040K, used 23035K [0x00000000eab00000, 0x00000000ec580000, 0x0000000100000000)
  eden space 22016K, 100% used [0x00000000eab00000,0x00000000ec080000,0x00000000ec080000)
  from space 1024K, 99% used [0x00000000ec300000,0x00000000ec3fec88,0x00000000ec400000)
  to   space 1536K, 0% used [0x00000000ec400000,0x00000000ec400000,0x00000000ec580000)
 ParOldGen       total 68608K, used 16017K [0x00000000c0000000, 0x00000000c4300000, 0x00000000eab00000)
  object space 68608K, 23% used [0x00000000c0000000,0x00000000c0fa4790,0x00000000c4300000)
 Metaspace       used 34666K, committed 35648K, reserved 1114112K
  class space    used 3479K, committed 3904K, reserved 1048576K
}
Event: 92.836 GC heap after
{Heap after GC invocations=15 (full 1):
 PSYoungGen      total 23552K, used 1162K [0x00000000eab00000, 0x00000000ec580000, 0x0000000100000000)
  eden space 22016K, 0% used [0x00000000eab00000,0x00000000eab00000,0x00000000ec080000)
  from space 1536K, 75% used [0x00000000ec400000,0x00000000ec5228e0,0x00000000ec580000)
  to   space 1536K, 0% used [0x00000000ec280000,0x00000000ec280000,0x00000000ec400000)
 ParOldGen       total 68608K, used 16896K [0x00000000c0000000, 0x00000000c4300000, 0x00000000eab00000)
  object space 68608K, 24% used [0x00000000c0000000,0x00000000c1080330,0x00000000c4300000)
 Metaspace       used 34666K, committed 35648K, reserved 1114112K
  class space    used 3479K, committed 3904K, reserved 1048576K
}
Event: 92.991 GC heap before
{Heap before GC invocations=16 (full 1):
 PSYoungGen      total 23552K, used 3740K [0x00000000eab00000, 0x00000000ec580000, 0x0000000100000000)
  eden space 22016K, 11% used [0x00000000eab00000,0x00000000ead84800,0x00000000ec080000)
  from space 1536K, 75% used [0x00000000ec400000,0x00000000ec5228e0,0x00000000ec580000)
  to   space 1536K, 0% used [0x00000000ec280000,0x00000000ec280000,0x00000000ec400000)
 ParOldGen       total 68608K, used 16896K [0x00000000c0000000, 0x00000000c4300000, 0x00000000eab00000)
  object space 68608K, 24% used [0x00000000c0000000,0x00000000c1080330,0x00000000c4300000)
 Metaspace       used 34905K, committed 35840K, reserved 1114112K
  class space    used 3514K, committed 3904K, reserved 1048576K
}
Event: 92.995 GC heap after
{Heap after GC invocations=16 (full 1):
 PSYoungGen      total 22528K, used 224K [0x00000000eab00000, 0x00000000ec480000, 0x0000000100000000)
  eden space 22016K, 0% used [0x00000000eab00000,0x00000000eab00000,0x00000000ec080000)
  from space 512K, 43% used [0x00000000ec280000,0x00000000ec2b8000,0x00000000ec300000)
  to   space 1024K, 0% used [0x00000000ec380000,0x00000000ec380000,0x00000000ec480000)
 ParOldGen       total 68608K, used 17959K [0x00000000c0000000, 0x00000000c4300000, 0x00000000eab00000)
  object space 68608K, 26% used [0x00000000c0000000,0x00000000c1189fb8,0x00000000c4300000)
 Metaspace       used 34905K, committed 35840K, reserved 1114112K
  class space    used 3514K, committed 3904K, reserved 1048576K
}
Event: 92.995 GC heap before
{Heap before GC invocations=17 (full 2):
 PSYoungGen      total 22528K, used 224K [0x00000000eab00000, 0x00000000ec480000, 0x0000000100000000)
  eden space 22016K, 0% used [0x00000000eab00000,0x00000000eab00000,0x00000000ec080000)
  from space 512K, 43% used [0x00000000ec280000,0x00000000ec2b8000,0x00000000ec300000)
  to   space 1024K, 0% used [0x00000000ec380000,0x00000000ec380000,0x00000000ec480000)
 ParOldGen       total 68608K, used 17959K [0x00000000c0000000, 0x00000000c4300000, 0x00000000eab00000)
  object space 68608K, 26% used [0x00000000c0000000,0x00000000c1189fb8,0x00000000c4300000)
 Metaspace       used 34905K, committed 35840K, reserved 1114112K
  class space    used 3514K, committed 3904K, reserved 1048576K
}
Event: 93.079 GC heap after
{Heap after GC invocations=17 (full 2):
 PSYoungGen      total 22528K, used 0K [0x00000000eab00000, 0x00000000ec480000, 0x0000000100000000)
  eden space 22016K, 0% used [0x00000000eab00000,0x00000000eab00000,0x00000000ec080000)
  from space 512K, 0% used [0x00000000ec280000,0x00000000ec280000,0x00000000ec300000)
  to   space 1024K, 0% used [0x00000000ec380000,0x00000000ec380000,0x00000000ec480000)
 ParOldGen       total 68608K, used 17487K [0x00000000c0000000, 0x00000000c4300000, 0x00000000eab00000)
  object space 68608K, 25% used [0x00000000c0000000,0x00000000c1113d00,0x00000000c4300000)
 Metaspace       used 34904K, committed 35840K, reserved 1114112K
  class space    used 3513K, committed 3904K, reserved 1048576K
}
Event: 95.029 GC heap before
{Heap before GC invocations=18 (full 2):
 PSYoungGen      total 22528K, used 22016K [0x00000000eab00000, 0x00000000ec480000, 0x0000000100000000)
  eden space 22016K, 100% used [0x00000000eab00000,0x00000000ec080000,0x00000000ec080000)
  from space 512K, 0% used [0x00000000ec280000,0x00000000ec280000,0x00000000ec300000)
  to   space 1024K, 0% used [0x00000000ec380000,0x00000000ec380000,0x00000000ec480000)
 ParOldGen       total 68608K, used 17487K [0x00000000c0000000, 0x00000000c4300000, 0x00000000eab00000)
  object space 68608K, 25% used [0x00000000c0000000,0x00000000c1113d00,0x00000000c4300000)
 Metaspace       used 37797K, committed 38848K, reserved 1114112K
  class space    used 3878K, committed 4288K, reserved 1048576K
}
Event: 95.037 GC heap after
{Heap after GC invocations=18 (full 2):
 PSYoungGen      total 23040K, used 1009K [0x00000000eab00000, 0x00000000ec480000, 0x0000000100000000)
  eden space 22016K, 0% used [0x00000000eab00000,0x00000000eab00000,0x00000000ec080000)
  from space 1024K, 98% used [0x00000000ec380000,0x00000000ec47c440,0x00000000ec480000)
  to   space 2048K, 0% used [0x00000000ec080000,0x00000000ec080000,0x00000000ec280000)
 ParOldGen       total 68608K, used 17980K [0x00000000c0000000, 0x00000000c4300000, 0x00000000eab00000)
  object space 68608K, 26% used [0x00000000c0000000,0x00000000c118f120,0x00000000c4300000)
 Metaspace       used 37797K, committed 38848K, reserved 1114112K
  class space    used 3878K, committed 4288K, reserved 1048576K
}
Event: 96.592 GC heap before
{Heap before GC invocations=19 (full 2):
 PSYoungGen      total 23040K, used 23025K [0x00000000eab00000, 0x00000000ec480000, 0x0000000100000000)
  eden space 22016K, 100% used [0x00000000eab00000,0x00000000ec080000,0x00000000ec080000)
  from space 1024K, 98% used [0x00000000ec380000,0x00000000ec47c440,0x00000000ec480000)
  to   space 2048K, 0% used [0x00000000ec080000,0x00000000ec080000,0x00000000ec280000)
 ParOldGen       total 68608K, used 17980K [0x00000000c0000000, 0x00000000c4300000, 0x00000000eab00000)
  object space 68608K, 26% used [0x00000000c0000000,0x00000000c118f120,0x00000000c4300000)
 Metaspace       used 40695K, committed 41664K, reserved 1114112K
  class space    used 4238K, committed 4608K, reserved 1048576K
}
Event: 96.602 GC heap after
{Heap after GC invocations=19 (full 2):
 PSYoungGen      total 24064K, used 1476K [0x00000000eab00000, 0x00000000ec400000, 0x0000000100000000)
  eden space 22016K, 0% used [0x00000000eab00000,0x00000000eab00000,0x00000000ec080000)
  from space 2048K, 72% used [0x00000000ec080000,0x00000000ec1f10a0,0x00000000ec280000)
  to   space 1536K, 0% used [0x00000000ec280000,0x00000000ec280000,0x00000000ec400000)
 ParOldGen       total 68608K, used 18932K [0x00000000c0000000, 0x00000000c4300000, 0x00000000eab00000)
  object space 68608K, 27% used [0x00000000c0000000,0x00000000c127d120,0x00000000c4300000)
 Metaspace       used 40695K, committed 41664K, reserved 1114112K
  class space    used 4238K, committed 4608K, reserved 1048576K
}
Event: 97.515 GC heap before
{Heap before GC invocations=20 (full 2):
 PSYoungGen      total 24064K, used 23492K [0x00000000eab00000, 0x00000000ec400000, 0x0000000100000000)
  eden space 22016K, 100% used [0x00000000eab00000,0x00000000ec080000,0x00000000ec080000)
  from space 2048K, 72% used [0x00000000ec080000,0x00000000ec1f10a0,0x00000000ec280000)
  to   space 1536K, 0% used [0x00000000ec280000,0x00000000ec280000,0x00000000ec400000)
 ParOldGen       total 68608K, used 18932K [0x00000000c0000000, 0x00000000c4300000, 0x00000000eab00000)
  object space 68608K, 27% used [0x00000000c0000000,0x00000000c127d120,0x00000000c4300000)
 Metaspace       used 43173K, committed 44224K, reserved 1114112K
  class space    used 4533K, committed 4928K, reserved 1048576K
}
Event: 97.525 GC heap after
{Heap after GC invocations=20 (full 2):
 PSYoungGen      total 20480K, used 1522K [0x00000000eab00000, 0x00000000eca80000, 0x0000000100000000)
  eden space 18944K, 0% used [0x00000000eab00000,0x00000000eab00000,0x00000000ebd80000)
  from space 1536K, 99% used [0x00000000ec280000,0x00000000ec3fca88,0x00000000ec400000)
  to   space 5120K, 0% used [0x00000000ebd80000,0x00000000ebd80000,0x00000000ec280000)
 ParOldGen       total 68608K, used 21645K [0x00000000c0000000, 0x00000000c4300000, 0x00000000eab00000)
  object space 68608K, 31% used [0x00000000c0000000,0x00000000c1523618,0x00000000c4300000)
 Metaspace       used 43173K, committed 44224K, reserved 1114112K
  class space    used 4533K, committed 4928K, reserved 1048576K
}
Event: 98.669 GC heap before
{Heap before GC invocations=21 (full 2):
 PSYoungGen      total 20480K, used 20466K [0x00000000eab00000, 0x00000000eca80000, 0x0000000100000000)
  eden space 18944K, 100% used [0x00000000eab00000,0x00000000ebd80000,0x00000000ebd80000)
  from space 1536K, 99% used [0x00000000ec280000,0x00000000ec3fca88,0x00000000ec400000)
  to   space 5120K, 0% used [0x00000000ebd80000,0x00000000ebd80000,0x00000000ec280000)
 ParOldGen       total 68608K, used 21645K [0x00000000c0000000, 0x00000000c4300000, 0x00000000eab00000)
  object space 68608K, 31% used [0x00000000c0000000,0x00000000c1523618,0x00000000c4300000)
 Metaspace       used 45925K, committed 46976K, reserved 1114112K
  class space    used 4834K, committed 5248K, reserved 1048576K
}
Event: 98.678 GC heap after
{Heap after GC invocations=21 (full 2):
 PSYoungGen      total 20992K, used 1680K [0x00000000eab00000, 0x00000000ec380000, 0x0000000100000000)
  eden space 18944K, 0% used [0x00000000eab00000,0x00000000eab00000,0x00000000ebd80000)
  from space 2048K, 82% used [0x00000000ebd80000,0x00000000ebf24010,0x00000000ebf80000)
  to   space 3072K, 0% used [0x00000000ec080000,0x00000000ec080000,0x00000000ec380000)
 ParOldGen       total 68608K, used 22666K [0x00000000c0000000, 0x00000000c4300000, 0x00000000eab00000)
  object space 68608K, 33% used [0x00000000c0000000,0x00000000c1622848,0x00000000c4300000)
 Metaspace       used 45925K, committed 46976K, reserved 1114112K
  class space    used 4834K, committed 5248K, reserved 1048576K
}
Event: 112.133 GC heap before
{Heap before GC invocations=22 (full 2):
 PSYoungGen      total 20992K, used 20623K [0x00000000eab00000, 0x00000000ec380000, 0x0000000100000000)
  eden space 18944K, 99% used [0x00000000eab00000,0x00000000ebd7ffd8,0x00000000ebd80000)
  from space 2048K, 82% used [0x00000000ebd80000,0x00000000ebf24010,0x00000000ebf80000)
  to   space 3072K, 0% used [0x00000000ec080000,0x00000000ec080000,0x00000000ec380000)
 ParOldGen       total 68608K, used 22666K [0x00000000c0000000, 0x00000000c4300000, 0x00000000eab00000)
  object space 68608K, 33% used [0x00000000c0000000,0x00000000c1622848,0x00000000c4300000)
 Metaspace       used 48560K, committed 49664K, reserved 1114112K
  class space    used 5167K, committed 5632K, reserved 1048576K
}
Event: 112.142 GC heap after
{Heap after GC invocations=22 (full 2):
 PSYoungGen      total 20480K, used 1038K [0x00000000eab00000, 0x00000000ec200000, 0x0000000100000000)
  eden space 18944K, 0% used [0x00000000eab00000,0x00000000eab00000,0x00000000ebd80000)
  from space 1536K, 67% used [0x00000000ec080000,0x00000000ec183a40,0x00000000ec200000)
  to   space 1536K, 0% used [0x00000000ebf00000,0x00000000ebf00000,0x00000000ec080000)
 ParOldGen       total 68608K, used 24211K [0x00000000c0000000, 0x00000000c4300000, 0x00000000eab00000)
  object space 68608K, 35% used [0x00000000c0000000,0x00000000c17a4ff8,0x00000000c4300000)
 Metaspace       used 48560K, committed 49664K, reserved 1114112K
  class space    used 5167K, committed 5632K, reserved 1048576K
}
Event: 134.208 GC heap before
{Heap before GC invocations=23 (full 2):
 PSYoungGen      total 20480K, used 19982K [0x00000000eab00000, 0x00000000ec200000, 0x0000000100000000)
  eden space 18944K, 100% used [0x00000000eab00000,0x00000000ebd80000,0x00000000ebd80000)
  from space 1536K, 67% used [0x00000000ec080000,0x00000000ec183a40,0x00000000ec200000)
  to   space 1536K, 0% used [0x00000000ebf00000,0x00000000ebf00000,0x00000000ec080000)
 ParOldGen       total 68608K, used 24211K [0x00000000c0000000, 0x00000000c4300000, 0x00000000eab00000)
  object space 68608K, 35% used [0x00000000c0000000,0x00000000c17a4ff8,0x00000000c4300000)
 Metaspace       used 49503K, committed 50560K, reserved 1114112K
  class space    used 5276K, committed 5760K, reserved 1048576K
}
Event: 134.216 GC heap after
{Heap after GC invocations=23 (full 2):
 PSYoungGen      total 20480K, used 1525K [0x00000000eab00000, 0x00000000ec180000, 0x0000000100000000)
  eden space 18944K, 0% used [0x00000000eab00000,0x00000000eab00000,0x00000000ebd80000)
  from space 1536K, 99% used [0x00000000ebf00000,0x00000000ec07d7c0,0x00000000ec080000)
  to   space 1024K, 0% used [0x00000000ec080000,0x00000000ec080000,0x00000000ec180000)
 ParOldGen       total 68608K, used 25104K [0x00000000c0000000, 0x00000000c4300000, 0x00000000eab00000)
  object space 68608K, 36% used [0x00000000c0000000,0x00000000c1884080,0x00000000c4300000)
 Metaspace       used 49503K, committed 50560K, reserved 1114112K
  class space    used 5276K, committed 5760K, reserved 1048576K
}

